# JRE version: Java(TM) SE Runtime Environment (16.0.2+7) (build 16.0.2+7-67)
# Java VM: Java HotSpot(TM) 64-Bit Server VM (16.0.2+7-67, mixed mode, sharing, tiered, compressed oops, compressed class ptrs, g1 gc, windows-amd64)
GC Precious Log:
 CPUs: 4 total, 4 available
 Memory: 3467M
 Large Page Support: Disabled
 NUMA Support: Disabled
 Compressed Oops: Enabled (32-bit)
 Heap Region Size: 1M
 Heap Min Capacity: 8M
 Heap Initial Capacity: 56M
 Heap Max Capacity: 868M
 Pre-touch: Disabled
 Parallel Workers: 4
 Concurrent Workers: 1
 Concurrent Refinement Workers: 4
 Periodic GC: Disabled
Heap:
 garbage-first heap   total 102400K, used 26939K [0x00000000c9c00000, 0x0000000100000000)
  region size 1024K, 12 young (12288K), 1 survivors (1024K)
 Metaspace       used 29138K, committed 29440K, reserved 1081344K
  class space    used 3596K, committed 3712K, reserved 1048576K
GC Heap History (20 events):
Event: 1.926 GC heap before
{Heap before GC invocations=1 (full 0):
 garbage-first heap   total 57344K, used 14458K [0x00000000c9c00000, 0x0000000100000000)
  region size 1024K, 11 young (11264K), 2 survivors (2048K)
 Metaspace       used 5834K, committed 6080K, reserved 1056768K
  class space    used 635K, committed 768K, reserved 1048576K
}
Event: 1.934 GC heap after
{Heap after GC invocations=2 (full 0):
 garbage-first heap   total 57344K, used 7537K [0x00000000c9c00000, 0x0000000100000000)
  region size 1024K, 2 young (2048K), 2 survivors (2048K)
 Metaspace       used 5834K, committed 6080K, reserved 1056768K
  class space    used 635K, committed 768K, reserved 1048576K
}
Event: 2.832 GC heap before
{Heap before GC invocations=2 (full 0):
 garbage-first heap   total 57344K, used 24945K [0x00000000c9c00000, 0x0000000100000000)
  region size 1024K, 19 young (19456K), 2 survivors (2048K)
 Metaspace       used 10048K, committed 10240K, reserved 1064960K
  class space    used 1205K, committed 1280K, reserved 1048576K
}
Event: 2.835 GC heap after
{Heap after GC invocations=3 (full 0):
 garbage-first heap   total 57344K, used 8733K [0x00000000c9c00000, 0x0000000100000000)
  region size 1024K, 3 young (3072K), 3 survivors (3072K)
 Metaspace       used 10048K, committed 10240K, reserved 1064960K
  class space    used 1205K, committed 1280K, reserved 1048576K
}
Event: 3.806 GC heap before
{Heap before GC invocations=3 (full 0):
 garbage-first heap   total 57344K, used 32285K [0x00000000c9c00000, 0x0000000100000000)
  region size 1024K, 27 young (27648K), 3 survivors (3072K)
 Metaspace       used 15426K, committed 15680K, reserved 1064960K
  class space    used 1869K, committed 1984K, reserved 1048576K
}
Event: 3.815 GC heap after
{Heap after GC invocations=4 (full 0):
 garbage-first heap   total 57344K, used 10000K [0x00000000c9c00000, 0x0000000100000000)
  region size 1024K, 3 young (3072K), 3 survivors (3072K)
 Metaspace       used 15426K, committed 15680K, reserved 1064960K
  class space    used 1869K, committed 1984K, reserved 1048576K
}
Event: 3.846 GC heap before
{Heap before GC invocations=4 (full 0):
 garbage-first heap   total 57344K, used 37648K [0x00000000c9c00000, 0x0000000100000000)
  region size 1024K, 31 young (31744K), 3 survivors (3072K)
 Metaspace       used 15476K, committed 15680K, reserved 1064960K
  class space    used 1875K, committed 1984K, reserved 1048576K
}
Event: 3.855 GC heap after
{Heap after GC invocations=5 (full 0):
 garbage-first heap   total 57344K, used 10188K [0x00000000c9c00000, 0x0000000100000000)
  region size 1024K, 2 young (2048K), 2 survivors (2048K)
 Metaspace       used 15476K, committed 15680K, reserved 1064960K
  class space    used 1875K, committed 1984K, reserved 1048576K
}
Event: 5.396 GC heap before
{Heap before GC invocations=5 (full 0):
 garbage-first heap   total 57344K, used 40908K [0x00000000c9c00000, 0x0000000100000000)
  region size 1024K, 33 young (33792K), 2 survivors (2048K)
 Metaspace       used 17378K, committed 17600K, reserved 1064960K
  class space    used 2061K, committed 2176K, reserved 1048576K
}
Event: 5.404 GC heap after
{Heap after GC invocations=6 (full 0):
 garbage-first heap   total 57344K, used 11631K [0x00000000c9c00000, 0x0000000100000000)
  region size 1024K, 3 young (3072K), 3 survivors (3072K)
 Metaspace       used 17378K, committed 17600K, reserved 1064960K
  class space    used 2061K, committed 2176K, reserved 1048576K
}
Event: 7.455 GC heap before
{Heap before GC invocations=6 (full 0):
 garbage-first heap   total 57344K, used 42351K [0x00000000c9c00000, 0x0000000100000000)
  region size 1024K, 33 young (33792K), 3 survivors (3072K)
 Metaspace       used 20532K, committed 20800K, reserved 1073152K
  class space    used 2466K, committed 2560K, reserved 1048576K
}
Event: 7.472 GC heap after
{Heap after GC invocations=7 (full 0):
 garbage-first heap   total 57344K, used 13207K [0x00000000c9c00000, 0x0000000100000000)
  region size 1024K, 4 young (4096K), 4 survivors (4096K)
 Metaspace       used 20532K, committed 20800K, reserved 1073152K
  class space    used 2466K, committed 2560K, reserved 1048576K
}
Event: 8.005 GC heap before
{Heap before GC invocations=7 (full 0):
 garbage-first heap   total 57344K, used 16279K [0x00000000c9c00000, 0x0000000100000000)
  region size 1024K, 8 young (8192K), 4 survivors (4096K)
 Metaspace       used 21046K, committed 21248K, reserved 1073152K
  class space    used 2542K, committed 2624K, reserved 1048576K
}
Event: 8.017 GC heap after
{Heap after GC invocations=8 (full 0):
 garbage-first heap   total 57344K, used 13530K [0x00000000c9c00000, 0x0000000100000000)
  region size 1024K, 3 young (3072K), 3 survivors (3072K)
 Metaspace       used 21046K, committed 21248K, reserved 1073152K
  class space    used 2542K, committed 2624K, reserved 1048576K
}
Event: 11.934 GC heap before
{Heap before GC invocations=9 (full 0):
 garbage-first heap   total 51200K, used 41178K [0x00000000c9c00000, 0x0000000100000000)
  region size 1024K, 30 young (30720K), 3 survivors (3072K)
 Metaspace       used 26832K, committed 27136K, reserved 1073152K
  class space    used 3285K, committed 3456K, reserved 1048576K
}
Event: 11.954 GC heap after
{Heap after GC invocations=10 (full 0):
 garbage-first heap   total 51200K, used 16173K [0x00000000c9c00000, 0x0000000100000000)
  region size 1024K, 4 young (4096K), 4 survivors (4096K)
 Metaspace       used 26832K, committed 27136K, reserved 1073152K
  class space    used 3285K, committed 3456K, reserved 1048576K
}
Event: 11.998 GC heap before
{Heap before GC invocations=10 (full 0):
 garbage-first heap   total 51200K, used 37677K [0x00000000c9c00000, 0x0000000100000000)
  region size 1024K, 26 young (26624K), 4 survivors (4096K)
 Metaspace       used 26832K, committed 27136K, reserved 1073152K
  class space    used 3285K, committed 3456K, reserved 1048576K
}
Event: 12.013 GC heap after
{Heap after GC invocations=11 (full 0):
 garbage-first heap   total 51200K, used 16262K [0x00000000c9c00000, 0x0000000100000000)
  region size 1024K, 1 young (1024K), 1 survivors (1024K)
 Metaspace       used 26832K, committed 27136K, reserved 1073152K
  class space    used 3285K, committed 3456K, reserved 1048576K
}
Event: 12.802 GC heap before
{Heap before GC invocations=11 (full 0):
 garbage-first heap   total 51200K, used 37766K [0x00000000c9c00000, 0x0000000100000000)
  region size 1024K, 23 young (23552K), 1 survivors (1024K)
 Metaspace       used 27717K, committed 28032K, reserved 1081344K
  class space    used 3400K, committed 3520K, reserved 1048576K
}
Event: 12.806 GC heap after
{Heap after GC invocations=12 (full 0):
 garbage-first heap   total 102400K, used 16699K [0x00000000c9c00000, 0x0000000100000000)
  region size 1024K, 1 young (1024K), 1 survivors (1024K)
 Metaspace       used 27717K, committed 28032K, reserved 1081344K
  class space    used 3400K, committed 3520K, reserved 1048576K
}

